<?xml version='1.0' encoding='utf-8'?>
    <beans xmlns="http://www.springframework.org/schema/beans"  
     xmlns:xsi="http://www.w3.org/2001/XMLSchema-instance" xmlns:aop="http://www.springframework.org/schema/aop"  
     xmlns:tx="http://www.springframework.org/schema/tx" xmlns:context="http://www.springframework.org/schema/context"  
     xsi:schemaLocation="    
              http://www.springframework.org/schema/beans http://www.springframework.org/schema/beans/spring-beans-2.5.xsd    
              http://www.springframework.org/schema/tx http://www.springframework.org/schema/tx/spring-tx-2.5.xsd    
              http://www.springframework.org/schema/aop http://www.springframework.org/schema/aop/spring-aop-2.5.xsd    
              http://www.springframework.org/schema/context http://www.springframework.org/schema/context/spring-context-2.5.xsd">  
      
      
     <context:component-scan base-package="app.*" />  
     <context:annotation-config /> 
      
     <tx:annotation-driven />  
      
     <bean id="sessionFactory"  
      class="org.springframework.orm.hibernate4.LocalSessionFactoryBean">  
      
      <property name="packagesToScan">  
       <list>  
        <value>app.*</value>  
       </list>  
      </property>  
      <property name="hibernateProperties">  
       <props>  
        <prop key="hibernate.dialect">org.hibernate.dialect.MySQLDialect</prop>  
        <prop key="hibernate.connection.driver_class">com.mysql.jdbc.Driver</prop>  
        <prop key="hibernate.connection.url">jdbc:mysql://localhost:3306/notes</prop>  
        <prop key="hibernate.connection.username">olga</prop>  
        <prop key="hibernate.connection.password">olga</prop> 
        <prop key="hibernate.show_sql">true</prop>  
        
        <prop key="hibernate.hbm2ddl.auto">update</prop>  
        <prop key="hibernate.hbm2ddl.import_files">import.sql</prop>  
        
        <prop key="hibernate.current_session_context_class">thread</prop>  
        
        
       </props>  
      </property>  
      
     </bean>  
      
      
      
     <bean id="noteDAO"  
      class="app.dao.NoteDAOImpl">  
      <property name="sessionFactory" ref="sessionFactory" />  
     </bean>  
       <bean id="transactionManager"
        class="org.springframework.orm.hibernate4.HibernateTransactionManager">
        <property name="dataSource" ref="dataSource" />
        <property name="sessionFactory" ref="sessionFactory" />
    </bean>
     <bean id="dataSource"
		class="org.springframework.jdbc.datasource.DriverManagerDataSource">

		<property name="driverClassName" value="com.mysql.jdbc.Driver" />
		<property name="url" value="jdbc:mysql://localhost:3306/notes" />
		<property name="username" value="olga" />
		<property name="password" value="olga" />
	</bean>
      
    </beans>  
